<?xml version="1.0" encoding="UTF-8"?>
<!-- Generated by org.testng.reporters.JUnitReportReporter -->
<testsuite hostname="HKWS10833" name="com.companyAAA.PostEmployeeDetails" tests="1" failures="0" timestamp="1 May 2020 05:07:52 GMT" time="2.681" errors="0">
  <testcase name="CreateNewEmpolyeeDetails" time="2.681" classname="com.companyAAA.PostEmployeeDetails"/>
</testsuite> <!-- com.companyAAA.PostEmployeeDetails -->
